<?xml version="1.0" encoding="UTF-8"?>
<!-- Generated by org.testng.reporters.JUnitXMLReporter -->
<testsuite ignored="2" hostname="DESKTOP-1U1S0Q0" failures="1" tests="2" name="Login" time="0.098" errors="0" timestamp="2024-03-26T20:52:59 IST">
  <testcase classname="Tests.LoginTest" name="LoginasBankManager" time="0.066"/>
  <testcase classname="Tests.AddCustomerTest" name="addcustomer" time="0.002">
    <failure type="java.lang.NullPointerException" message="Cannot invoke &amp;quot;org.openqa.selenium.SearchContext.findElement(org.openqa.selenium.By)&amp;quot; because &amp;quot;this.searchContext&amp;quot; is null">
      <![CDATA[java.lang.NullPointerException: Cannot invoke "org.openqa.selenium.SearchContext.findElement(org.openqa.selenium.By)" because "this.searchContext" is null
at org.openqa.selenium.support.pagefactory.DefaultElementLocator.findElement(DefaultElementLocator.java:68)
at org.openqa.selenium.support.pagefactory.internal.LocatingElementHandler.invoke(LocatingElementHandler.java:38)
at jdk.proxy2/jdk.proxy2.$Proxy12.click(Unknown Source)
at PageObject.AddCustomerPage.AddCustomer(AddCustomerPage.java:28)
at Tests.AddCustomerTest.addcustomer(AddCustomerTest.java:18)
at java.base/java.util.ArrayList.forEach(ArrayList.java:1511)
... Removed 27 stack frames]]>
    </failure>
  </testcase> <!-- addcustomer -->
  <testcase classname="TestComponents.BaseTest" name="@AfterSuite teardown" time="0.0">
    <ignored/>
  </testcase> <!-- @AfterSuite teardown -->
  <testcase classname="TestComponents.BaseTest" name="@BeforeSuite WebdriverMananager" time="0.0">
    <ignored/>
  </testcase> <!-- @BeforeSuite WebdriverMananager -->
</testsuite> <!-- Login -->
